  Source.cpp
Source.obj : error LNK2019: unresolved external symbol "__declspec(dllimport) public: float __cdecl sf::Time::asSeconds(void)const " (__imp_?asSeconds@Time@sf@@QEBAMXZ) referenced in function main
Source.obj : error LNK2019: unresolved external symbol "__declspec(dllimport) public: __cdecl sf::Clock::Clock(void)" (__imp_??0Clock@sf@@QEAA@XZ) referenced in function main
Source.obj : error LNK2019: unresolved external symbol "__declspec(dllimport) public: class sf::Time __cdecl sf::Clock::getElapsedTime(void)const " (__imp_?getElapsedTime@Clock@sf@@QEBA?AVTime@2@XZ) referenced in function main
Source.obj : error LNK2019: unresolved external symbol "__declspec(dllimport) public: __cdecl sf::String::String(char const *,class std::locale const &)" (__imp_??0String@sf@@QEAA@PEBDAEBVlocale@std@@@Z) referenced in function main
Source.obj : error LNK2019: unresolved external symbol "__declspec(dllimport) public: __cdecl sf::String::~String(void)" (__imp_??1String@sf@@QEAA@XZ) referenced in function main
Source.obj : error LNK2019: unresolved external symbol "__declspec(dllimport) public: __cdecl sf::VideoMode::VideoMode(unsigned int,unsigned int,unsigned int)" (__imp_??0VideoMode@sf@@QEAA@III@Z) referenced in function main
Source.obj : error LNK2019: unresolved external symbol "__declspec(dllimport) public: __cdecl sf::Window::Window(class sf::VideoMode,class sf::String const &,unsigned int,struct sf::ContextSettings const &)" (__imp_??0Window@sf@@QEAA@VVideoMode@1@AEBVString@1@IAEBUContextSettings@1@@Z) referenced in function main
Source.obj : error LNK2019: unresolved external symbol "__declspec(dllimport) public: virtual __cdecl sf::Window::~Window(void)" (__imp_??1Window@sf@@UEAA@XZ) referenced in function main
Source.obj : error LNK2019: unresolved external symbol "__declspec(dllimport) public: void __cdecl sf::Window::close(void)" (__imp_?close@Window@sf@@QEAAXXZ) referenced in function main
Source.obj : error LNK2019: unresolved external symbol "__declspec(dllimport) public: bool __cdecl sf::Window::isOpen(void)const " (__imp_?isOpen@Window@sf@@QEBA_NXZ) referenced in function main
Source.obj : error LNK2019: unresolved external symbol "__declspec(dllimport) public: bool __cdecl sf::Window::pollEvent(class sf::Event &)" (__imp_?pollEvent@Window@sf@@QEAA_NAEAVEvent@2@@Z) referenced in function main
Source.obj : error LNK2019: unresolved external symbol "__declspec(dllimport) public: class sf::Vector2<unsigned int> __cdecl sf::Window::getSize(void)const " (__imp_?getSize@Window@sf@@QEBA?AV?$Vector2@I@2@XZ) referenced in function main
Source.obj : error LNK2019: unresolved external symbol "__declspec(dllimport) public: bool __cdecl sf::Window::setActive(bool)const " (__imp_?setActive@Window@sf@@QEBA_N_N@Z) referenced in function main
Source.obj : error LNK2019: unresolved external symbol "__declspec(dllimport) public: void __cdecl sf::Window::display(void)" (__imp_?display@Window@sf@@QEAAXXZ) referenced in function main
Source.obj : error LNK2019: unresolved external symbol __imp_glClear referenced in function main
Source.obj : error LNK2019: unresolved external symbol __imp_glClearColor referenced in function main
Source.obj : error LNK2019: unresolved external symbol __imp_glClearDepth referenced in function main
Source.obj : error LNK2019: unresolved external symbol __imp_glColorPointer referenced in function main
Source.obj : error LNK2019: unresolved external symbol __imp_glDepthMask referenced in function main
Source.obj : error LNK2019: unresolved external symbol __imp_glDisable referenced in function main
Source.obj : error LNK2019: unresolved external symbol __imp_glDisableClientState referenced in function main
Source.obj : error LNK2019: unresolved external symbol __imp_glDrawArrays referenced in function main
Source.obj : error LNK2019: unresolved external symbol __imp_glEnable referenced in function main
Source.obj : error LNK2019: unresolved external symbol __imp_glEnableClientState referenced in function main
Source.obj : error LNK2019: unresolved external symbol __imp_glFrustum referenced in function main
Source.obj : error LNK2019: unresolved external symbol __imp_glLoadIdentity referenced in function main
Source.obj : error LNK2019: unresolved external symbol __imp_glMatrixMode referenced in function main
Source.obj : error LNK2019: unresolved external symbol __imp_glRotatef referenced in function main
Source.obj : error LNK2019: unresolved external symbol __imp_glTranslatef referenced in function main
Source.obj : error LNK2019: unresolved external symbol __imp_glVertexPointer referenced in function main
Source.obj : error LNK2019: unresolved external symbol __imp_glViewport referenced in function main
C:\Users\krzys\Desktop\CPP\SFML-2.5.1\lib\sfml-graphics.lib : warning LNK4272: library machine type 'x86' conflicts with target machine type 'x64'
C:\Users\krzys\Desktop\CPP\SFML-2.5.1\lib\sfml-system.lib : warning LNK4272: library machine type 'x86' conflicts with target machine type 'x64'
C:\Users\krzys\Desktop\CPP\SFML-2.5.1\lib\sfml-window.lib : warning LNK4272: library machine type 'x86' conflicts with target machine type 'x64'
C:\Users\krzys\Desktop\CPP\praca1\Project1\x64\Debug\Project1.exe : fatal error LNK1120: 31 unresolved externals
